<?xml version="1.0" encoding="UTF-8"?>
<Site BuildName="Linux-clang++"
	BuildStamp="20240126-1405-Experimental"
	Name="c9384e5a5fd0"
	Generator="ctest-3.22.1"
	CompilerName="/usr/bin/clang++"
	CompilerVersion="14.0.0"
	OSName="Linux"
	Hostname="c9384e5a5fd0"
	OSRelease="6.5.11-linuxkit"
	OSVersion="#1 SMP PREEMPT Wed Dec  6 17:08:31 UTC 2023"
	OSPlatform="x86_64"
	Is64Bits="1"
	VendorString=""
	VendorID="Unknown Manufacturer"
	FamilyID="8"
	ModelID="0"
	ProcessorCacheSize="0"
	NumberOfLogicalCPU="8"
	NumberOfPhysicalCPU="1"
	TotalVirtualMemory="1023"
	TotalPhysicalMemory="3928"
	LogicalProcessorsPerPhysical="8"
	ProcessorClockFrequency="0"
	>
	<Testing>
		<StartDateTime>Jan 26 14:05 UTC</StartDateTime>
		<StartTestTime>1706277949</StartTestTime>
		<TestList/>
		<EndDateTime>Jan 26 14:05 UTC</EndDateTime>
		<EndTestTime>1706277949</EndTestTime>
		<ElapsedMinutes>0</ElapsedMinutes>
	</Testing>
</Site>
